
/home/runner/work/exp-finite-capacity-single-server-queue-with-general-distributed-arrivals-exponential-service-iitd/exp-finite-capacity-single-server-queue-with-general-distributed-arrivals-exponential-service-iitd/experiment/simulation/js/main.js
   13:5   warning  't_end' is assigned a value but never used                      no-unused-vars
   21:5   warning  'blocked' is assigned a value but never used                    no-unused-vars
   51:3   warning  'google' is not defined                                         no-undef
   55:3   warning  'google' is not defined                                         no-undef
   58:12  warning  'google' is not defined                                         no-undef
   77:17  warning  'google' is not defined                                         no-undef
  110:10  warning  'checkDistribution' is defined but never used                   no-unused-vars
  128:9   warning  'in_use' is assigned a value but never used                     no-unused-vars
  134:5   warning  'mc' is not defined                                             no-undef
  135:5   warning  'busy_servers' is not defined                                   no-undef
  136:5   warning  'end_times' is not defined                                      no-undef
  137:5   warning  'start_times' is not defined                                    no-undef
  139:9   warning  'end_times' is not defined                                      no-undef
  140:9   warning  'start_times' is not defined                                    no-undef
  156:21  warning  'end_times' is not defined                                      no-undef
  161:33  warning  'start_times' is not defined                                    no-undef
  164:17  warning  'start_times' is not defined                                    no-undef
  165:17  warning  'end_times' is not defined                                      no-undef
  166:17  warning  'busy_servers' is not defined                                   no-undef
  168:17  warning  'start_times' is not defined                                    no-undef
  170:17  warning  'end_times' is not defined                                      no-undef
  174:21  warning  'end_times' is not defined                                      no-undef
  176:41  warning  'end_times' is not defined                                      no-undef
  184:24  warning  'mc' is not defined                                             no-undef
  188:29  warning  'busy_servers' is not defined                                   no-undef
  190:29  warning  'end_times' is not defined                                      no-undef
  192:21  warning  'busy_servers' is not defined                                   no-undef
  198:29  warning  'end_times' is not defined                                      no-undef
  204:21  warning  'start_times' is not defined                                    no-undef
  206:21  warning  'end_times' is not defined                                      no-undef
  208:21  warning  'busy_servers' is not defined                                   no-undef
  210:29  warning  'end_times' is not defined                                      no-undef
  212:49  warning  'end_times' is not defined                                      no-undef
  236:7   warning  'in_use' is assigned a value but never used                     no-unused-vars
  242:3   warning  'busy_servers' is not defined                                   no-undef
  243:3   warning  'end_times' is not defined                                      no-undef
  244:3   warning  'start_times' is not defined                                    no-undef
  246:7   warning  'end_times' is not defined                                      no-undef
  247:7   warning  'start_times' is not defined                                    no-undef
  262:17  warning  'end_times' is not defined                                      no-undef
  267:29  warning  'start_times' is not defined                                    no-undef
  270:13  warning  'start_times' is not defined                                    no-undef
  271:13  warning  'end_times' is not defined                                      no-undef
  272:13  warning  'busy_servers' is not defined                                   no-undef
  274:13  warning  'start_times' is not defined                                    no-undef
  276:13  warning  'end_times' is not defined                                      no-undef
  280:17  warning  'end_times' is not defined                                      no-undef
  282:37  warning  'end_times' is not defined                                      no-undef
  294:25  warning  'busy_servers' is not defined                                   no-undef
  296:25  warning  'end_times' is not defined                                      no-undef
  298:17  warning  'busy_servers' is not defined                                   no-undef
  304:25  warning  'end_times' is not defined                                      no-undef
  310:17  warning  'start_times' is not defined                                    no-undef
  312:17  warning  'end_times' is not defined                                      no-undef
  314:17  warning  'busy_servers' is not defined                                   no-undef
  316:25  warning  'end_times' is not defined                                      no-undef
  318:45  warning  'end_times' is not defined                                      no-undef
  338:3   warning  'variance' is not defined                                       no-undef
  349:7   warning  'in_use' is assigned a value but never used                     no-unused-vars
  358:3   warning  'busy_servers' is not defined                                   no-undef
  359:3   warning  'end_times' is not defined                                      no-undef
  360:3   warning  'start_times' is not defined                                    no-undef
  362:7   warning  'end_times' is not defined                                      no-undef
  363:7   warning  'start_times' is not defined                                    no-undef
  378:17  warning  'end_times' is not defined                                      no-undef
  383:29  warning  'start_times' is not defined                                    no-undef
  386:13  warning  'start_times' is not defined                                    no-undef
  387:13  warning  'end_times' is not defined                                      no-undef
  388:13  warning  'busy_servers' is not defined                                   no-undef
  390:13  warning  'start_times' is not defined                                    no-undef
  392:13  warning  'end_times' is not defined                                      no-undef
  396:17  warning  'end_times' is not defined                                      no-undef
  398:37  warning  'end_times' is not defined                                      no-undef
  410:25  warning  'busy_servers' is not defined                                   no-undef
  412:25  warning  'end_times' is not defined                                      no-undef
  414:17  warning  'busy_servers' is not defined                                   no-undef
  420:25  warning  'end_times' is not defined                                      no-undef
  426:17  warning  'start_times' is not defined                                    no-undef
  428:17  warning  'end_times' is not defined                                      no-undef
  430:17  warning  'busy_servers' is not defined                                   no-undef
  432:25  warning  'end_times' is not defined                                      no-undef
  434:45  warning  'end_times' is not defined                                      no-undef
  475:57  warning  'mc' is not defined                                             no-undef
  480:38  warning  'mc' is not defined                                             no-undef
  501:23  warning  'mc' is not defined                                             no-undef
  502:22  warning  'mc' is not defined                                             no-undef
  502:51  warning  'mc' is not defined                                             no-undef
  512:9   warning  'Ts' is assigned a value but never used                         no-unused-vars
  523:9   warning  'th_st' is assigned a value but never used                      no-unused-vars
  524:9   warning  'ex_st' is assigned a value but never used                      no-unused-vars
  524:46  warning  'busy_servers' is not defined                                   no-undef
  546:27  warning  Use the isNaN function to compare with NaN                      use-isnan
  552:27  warning  Use the isNaN function to compare with NaN                      use-isnan
  558:27  warning  Use the isNaN function to compare with NaN                      use-isnan
  571:27  warning  Use the isNaN function to compare with NaN                      use-isnan
  587:27  warning  Use the isNaN function to compare with NaN                      use-isnan
  591:27  warning  Use the isNaN function to compare with NaN                      use-isnan
  595:27  warning  Use the isNaN function to compare with NaN                      use-isnan
  599:27  warning  Use the isNaN function to compare with NaN                      use-isnan
  603:27  warning  Use the isNaN function to compare with NaN                      use-isnan
  607:27  warning  Use the isNaN function to compare with NaN                      use-isnan
  620:27  warning  Use the isNaN function to compare with NaN                      use-isnan
  624:27  warning  Use the isNaN function to compare with NaN                      use-isnan
  653:9   warning  'th_st' is assigned a value but never used                      no-unused-vars
  654:9   warning  'ex_st' is assigned a value but never used                      no-unused-vars
  689:27  warning  Use the isNaN function to compare with NaN                      use-isnan
  695:27  warning  Use the isNaN function to compare with NaN                      use-isnan
  701:27  warning  Use the isNaN function to compare with NaN                      use-isnan
  708:27  warning  Use the isNaN function to compare with NaN                      use-isnan
  725:27  warning  Use the isNaN function to compare with NaN                      use-isnan
  729:27  warning  Use the isNaN function to compare with NaN                      use-isnan
  733:27  warning  Use the isNaN function to compare with NaN                      use-isnan
  737:27  warning  Use the isNaN function to compare with NaN                      use-isnan
  741:27  warning  Use the isNaN function to compare with NaN                      use-isnan
  745:27  warning  Use the isNaN function to compare with NaN                      use-isnan
  750:27  warning  Use the isNaN function to compare with NaN                      use-isnan
  754:27  warning  Use the isNaN function to compare with NaN                      use-isnan
  764:59  warning  Use the isNaN function to compare with NaN                      use-isnan
  765:59  warning  Use the isNaN function to compare with NaN                      use-isnan
  766:59  warning  Use the isNaN function to compare with NaN                      use-isnan
  767:59  warning  Use the isNaN function to compare with NaN                      use-isnan
  769:53  warning  Use the isNaN function to compare with NaN                      use-isnan
  770:53  warning  Use the isNaN function to compare with NaN                      use-isnan
  771:53  warning  Use the isNaN function to compare with NaN                      use-isnan
  772:53  warning  Use the isNaN function to compare with NaN                      use-isnan
  783:30  warning  'variance' is not defined                                       no-undef
  791:9   warning  'th_st' is assigned a value but never used                      no-unused-vars
  792:9   warning  'ex_st' is assigned a value but never used                      no-unused-vars
  828:27  warning  Use the isNaN function to compare with NaN                      use-isnan
  834:27  warning  Use the isNaN function to compare with NaN                      use-isnan
  840:27  warning  Use the isNaN function to compare with NaN                      use-isnan
  847:27  warning  Use the isNaN function to compare with NaN                      use-isnan
  864:27  warning  Use the isNaN function to compare with NaN                      use-isnan
  868:27  warning  Use the isNaN function to compare with NaN                      use-isnan
  872:27  warning  Use the isNaN function to compare with NaN                      use-isnan
  876:27  warning  Use the isNaN function to compare with NaN                      use-isnan
  880:27  warning  Use the isNaN function to compare with NaN                      use-isnan
  884:27  warning  Use the isNaN function to compare with NaN                      use-isnan
  889:27  warning  Use the isNaN function to compare with NaN                      use-isnan
  893:27  warning  Use the isNaN function to compare with NaN                      use-isnan
  903:59  warning  Use the isNaN function to compare with NaN                      use-isnan
  904:59  warning  Use the isNaN function to compare with NaN                      use-isnan
  905:59  warning  Use the isNaN function to compare with NaN                      use-isnan
  906:59  warning  Use the isNaN function to compare with NaN                      use-isnan
  908:53  warning  Use the isNaN function to compare with NaN                      use-isnan
  909:53  warning  Use the isNaN function to compare with NaN                      use-isnan
  910:53  warning  Use the isNaN function to compare with NaN                      use-isnan
  911:53  warning  Use the isNaN function to compare with NaN                      use-isnan
  914:10  warning  'stopSimulation' is defined but never used                      no-unused-vars
  930:10  warning  'google' is not defined                                         no-undef
  946:10  warning  'startSimulationBasedOnDistribution' is defined but never used  no-unused-vars

✖ 151 problems (0 errors, 151 warnings)

